<?xml version="1.0" encoding="UTF-8"?>
<!-- Generated by org.testng.reporters.JUnitReportReporter -->
<testsuite skipped="0" hostname="Manishs-MacBook-Air.local" name="testngFiles.Annotation2" tests="1" failures="0" timestamp="08 Jan 2018 02:21:42 GMT" time="0.006" errors="0">
  <testcase name="testMethod" time="0.006" classname="testngFiles.Annotation2"/>
</testsuite> <!-- testngFiles.Annotation2 -->
