<?xml version="1.0" encoding="UTF-8"?>
<!-- Generated by org.testng.reporters.JUnitReportReporter -->
<testsuite skipped="0" hostname="Manishs-MacBook-Air.local" name="testngNew.Annotation2" tests="1" failures="0" timestamp="08 Jan 2018 02:21:27 GMT" time="0.002" errors="0">
  <testcase name="testMethod" time="0.002" classname="testngNew.Annotation2"/>
</testsuite> <!-- testngNew.Annotation2 -->
