<?xml version="1.0" encoding="UTF-8"?>
<!-- Generated by org.testng.reporters.JUnitReportReporter -->
<testsuite skipped="0" hostname="Manishs-MacBook-Air.local" name="testngFiles.TestNGTest" tests="2" failures="0" timestamp="15 Jan 2018 04:33:58 GMT" time="0.017" errors="0">
  <testcase name="browserOpening" time="0.014" classname="testngFiles.TestNGTest"/>
  <testcase name="ticketBooking" time="0.003" classname="testngFiles.TestNGTest"/>
</testsuite> <!-- testngFiles.TestNGTest -->
