<?xml version="1.0" encoding="UTF-8"?>
<!-- Generated by org.testng.reporters.JUnitReportReporter -->
<testsuite skipped="0" hostname="Manishs-MacBook-Air.local" name="testngNew.TestNGTest" tests="2" failures="0" timestamp="08 Jan 2018 02:21:37 GMT" time="0.008" errors="0">
  <testcase name="browserOpening" time="0.004" classname="testngNew.TestNGTest"/>
  <testcase name="ticketBooking" time="0.004" classname="testngNew.TestNGTest"/>
</testsuite> <!-- testngNew.TestNGTest -->
